2025-04-23 00:28:32 [qtp2039810346-33] ERROR Project.DatabaseLogger - Ошибка записи лога в БД
java.sql.SQLNonTransientConnectionException: Public Key Retrieval is not allowed
	at com.mysql.cj.jdbc.exceptions.SQLError.createSQLException(SQLError.java:111) ~[mysql-connector-j-8.0.33.jar:8.0.33]
	at com.mysql.cj.jdbc.exceptions.SQLExceptionsMapping.translateException(SQLExceptionsMapping.java:122) ~[mysql-connector-j-8.0.33.jar:8.0.33]
	at com.mysql.cj.jdbc.ConnectionImpl.createNewIO(ConnectionImpl.java:825) ~[mysql-connector-j-8.0.33.jar:8.0.33]
	at com.mysql.cj.jdbc.ConnectionImpl.<init>(ConnectionImpl.java:446) ~[mysql-connector-j-8.0.33.jar:8.0.33]
	at com.mysql.cj.jdbc.ConnectionImpl.getInstance(ConnectionImpl.java:239) ~[mysql-connector-j-8.0.33.jar:8.0.33]
	at com.mysql.cj.jdbc.NonRegisteringDriver.connect(NonRegisteringDriver.java:188) ~[mysql-connector-j-8.0.33.jar:8.0.33]
	at java.sql.DriverManager.getConnection(DriverManager.java:682) ~[java.sql:?]
	at java.sql.DriverManager.getConnection(DriverManager.java:230) ~[java.sql:?]
	at Project.DatabaseLogger.logRequest(DatabaseLogger.java:22) ~[classes/:?]
	at Project.LinkScanServlet.doPost(LinkScanServlet.java:48) ~[classes/:?]
	at jakarta.servlet.http.HttpServlet.service(HttpServlet.java:520) ~[jetty-jakarta-servlet-api-5.0.2.jar:?]
	at jakarta.servlet.http.HttpServlet.service(HttpServlet.java:587) ~[jetty-jakarta-servlet-api-5.0.2.jar:?]
	at org.eclipse.jetty.servlet.ServletHolder.handle(ServletHolder.java:764) ~[jetty-servlet-11.0.15.jar:11.0.15]
	at org.eclipse.jetty.servlet.ServletHandler.doHandle(ServletHandler.java:529) ~[jetty-servlet-11.0.15.jar:11.0.15]
	at org.eclipse.jetty.server.handler.ScopedHandler.nextHandle(ScopedHandler.java:221) ~[jetty-server-11.0.15.jar:11.0.15]
	at org.eclipse.jetty.server.session.SessionHandler.doHandle(SessionHandler.java:1570) ~[jetty-server-11.0.15.jar:11.0.15]
	at org.eclipse.jetty.server.handler.ScopedHandler.nextHandle(ScopedHandler.java:221) ~[jetty-server-11.0.15.jar:11.0.15]
	at org.eclipse.jetty.server.handler.ContextHandler.doHandle(ContextHandler.java:1381) ~[jetty-server-11.0.15.jar:11.0.15]
	at org.eclipse.jetty.server.handler.ScopedHandler.nextScope(ScopedHandler.java:176) ~[jetty-server-11.0.15.jar:11.0.15]
	at org.eclipse.jetty.servlet.ServletHandler.doScope(ServletHandler.java:484) ~[jetty-servlet-11.0.15.jar:11.0.15]
	at org.eclipse.jetty.server.session.SessionHandler.doScope(SessionHandler.java:1543) ~[jetty-server-11.0.15.jar:11.0.15]
	at org.eclipse.jetty.server.handler.ScopedHandler.nextScope(ScopedHandler.java:174) ~[jetty-server-11.0.15.jar:11.0.15]
	at org.eclipse.jetty.server.handler.ContextHandler.doScope(ContextHandler.java:1303) ~[jetty-server-11.0.15.jar:11.0.15]
	at org.eclipse.jetty.server.handler.ScopedHandler.handle(ScopedHandler.java:129) ~[jetty-server-11.0.15.jar:11.0.15]
	at org.eclipse.jetty.server.handler.HandlerList.handle(HandlerList.java:51) ~[jetty-server-11.0.15.jar:11.0.15]
	at org.eclipse.jetty.server.handler.HandlerWrapper.handle(HandlerWrapper.java:122) ~[jetty-server-11.0.15.jar:11.0.15]
	at org.eclipse.jetty.server.Server.handle(Server.java:563) ~[jetty-server-11.0.15.jar:11.0.15]
	at org.eclipse.jetty.server.HttpChannel.lambda$handle$0(HttpChannel.java:505) ~[jetty-server-11.0.15.jar:11.0.15]
	at org.eclipse.jetty.server.HttpChannel.dispatch(HttpChannel.java:762) ~[jetty-server-11.0.15.jar:11.0.15]
	at org.eclipse.jetty.server.HttpChannel.handle(HttpChannel.java:497) ~[jetty-server-11.0.15.jar:11.0.15]
	at org.eclipse.jetty.server.HttpConnection.onFillable(HttpConnection.java:282) ~[jetty-server-11.0.15.jar:11.0.15]
	at org.eclipse.jetty.io.AbstractConnection$ReadCallback.succeeded(AbstractConnection.java:314) ~[jetty-io-11.0.15.jar:11.0.15]
	at org.eclipse.jetty.io.FillInterest.fillable(FillInterest.java:100) ~[jetty-io-11.0.15.jar:11.0.15]
	at org.eclipse.jetty.io.SelectableChannelEndPoint$1.run(SelectableChannelEndPoint.java:53) ~[jetty-io-11.0.15.jar:11.0.15]
	at org.eclipse.jetty.util.thread.strategy.AdaptiveExecutionStrategy.runTask(AdaptiveExecutionStrategy.java:416) ~[jetty-util-11.0.15.jar:11.0.15]
	at org.eclipse.jetty.util.thread.strategy.AdaptiveExecutionStrategy.consumeTask(AdaptiveExecutionStrategy.java:385) ~[jetty-util-11.0.15.jar:11.0.15]
	at org.eclipse.jetty.util.thread.strategy.AdaptiveExecutionStrategy.tryProduce(AdaptiveExecutionStrategy.java:272) ~[jetty-util-11.0.15.jar:11.0.15]
	at org.eclipse.jetty.util.thread.strategy.AdaptiveExecutionStrategy.produce(AdaptiveExecutionStrategy.java:194) ~[jetty-util-11.0.15.jar:11.0.15]
	at org.eclipse.jetty.util.thread.QueuedThreadPool.runJob(QueuedThreadPool.java:969) ~[jetty-util-11.0.15.jar:11.0.15]
	at org.eclipse.jetty.util.thread.QueuedThreadPool$Runner.doRunJob(QueuedThreadPool.java:1194) ~[jetty-util-11.0.15.jar:11.0.15]
	at org.eclipse.jetty.util.thread.QueuedThreadPool$Runner.run(QueuedThreadPool.java:1149) ~[jetty-util-11.0.15.jar:11.0.15]
	at java.lang.Thread.run(Thread.java:1575) [?:?]
Caused by: com.mysql.cj.exceptions.UnableToConnectException: Public Key Retrieval is not allowed
	at jdk.internal.reflect.DirectConstructorHandleAccessor.newInstance(DirectConstructorHandleAccessor.java:62) ~[?:?]
	at java.lang.reflect.Constructor.newInstanceWithCaller(Constructor.java:501) ~[?:?]
	at java.lang.reflect.Constructor.newInstance(Constructor.java:485) ~[?:?]
	at com.mysql.cj.exceptions.ExceptionFactory.createException(ExceptionFactory.java:62) ~[mysql-connector-j-8.0.33.jar:8.0.33]
	at com.mysql.cj.exceptions.ExceptionFactory.createException(ExceptionFactory.java:86) ~[mysql-connector-j-8.0.33.jar:8.0.33]
	at com.mysql.cj.protocol.a.authentication.CachingSha2PasswordPlugin.nextAuthenticationStep(CachingSha2PasswordPlugin.java:130) ~[mysql-connector-j-8.0.33.jar:8.0.33]
	at com.mysql.cj.protocol.a.authentication.CachingSha2PasswordPlugin.nextAuthenticationStep(CachingSha2PasswordPlugin.java:49) ~[mysql-connector-j-8.0.33.jar:8.0.33]
	at com.mysql.cj.protocol.a.NativeAuthenticationProvider.proceedHandshakeWithPluggableAuthentication(NativeAuthenticationProvider.java:443) ~[mysql-connector-j-8.0.33.jar:8.0.33]
	at com.mysql.cj.protocol.a.NativeAuthenticationProvider.connect(NativeAuthenticationProvider.java:213) ~[mysql-connector-j-8.0.33.jar:8.0.33]
	at com.mysql.cj.protocol.a.NativeProtocol.connect(NativeProtocol.java:1430) ~[mysql-connector-j-8.0.33.jar:8.0.33]
	at com.mysql.cj.NativeSession.connect(NativeSession.java:134) ~[mysql-connector-j-8.0.33.jar:8.0.33]
	at com.mysql.cj.jdbc.ConnectionImpl.connectOneTryOnly(ConnectionImpl.java:945) ~[mysql-connector-j-8.0.33.jar:8.0.33]
	at com.mysql.cj.jdbc.ConnectionImpl.createNewIO(ConnectionImpl.java:815) ~[mysql-connector-j-8.0.33.jar:8.0.33]
	... 39 more
